[2017-09-11 05:12:43] testing.ERROR: ErrorException: Undefined variable: order in /home/andrey/queue.agentzilla.ru/app/Http/Controllers/ApiController.php:150
Stack trace:
#0 /home/andrey/queue.agentzilla.ru/app/Http/Controllers/ApiController.php(150): Illuminate\Foundation\Bootstrap\HandleExceptions->handleError(8, 'Undefined varia...', '/home/andrey/qu...', 150, Array)
#1 [internal function]: App\Http\Controllers\ApiController->getElement(Object(Illuminate\Http\Request))
#2 /home/andrey/queue.agentzilla.ru/vendor/laravel/framework/src/Illuminate/Routing/Controller.php(55): call_user_func_array(Array, Array)
#3 /home/andrey/queue.agentzilla.ru/vendor/laravel/framework/src/Illuminate/Routing/ControllerDispatcher.php(44): Illuminate\Routing\Controller->callAction('getElement', Array)
#4 /home/andrey/queue.agentzilla.ru/vendor/laravel/framework/src/Illuminate/Routing/Route.php(203): Illuminate\Routing\ControllerDispatcher->dispatch(Object(Illuminate\Routing\Route), Object(App\Http\Controllers\ApiController), 'getElement')
#5 /home/andrey/queue.agentzilla.ru/vendor/laravel/framework/src/Illuminate/Routing/Route.php(160): Illuminate\Routing\Route->runController()
#6 /home/andrey/queue.agentzilla.ru/vendor/laravel/framework/src/Illuminate/Routing/Router.php(572): Illuminate\Routing\Route->run()
#7 /home/andrey/queue.agentzilla.ru/vendor/laravel/framework/src/Illuminate/Routing/Pipeline.php(30): Illuminate\Routing\Router->Illuminate\Routing\{closure}(Object(Illuminate\Http\Request))
#8 /home/andrey/queue.agentzilla.ru/vendor/laravel/framework/src/Illuminate/Routing/Middleware/SubstituteBindings.php(41): Illuminate\Routing\Pipeline->Illuminate\Routing\{closure}(Object(Illuminate\Http\Request))
#9 /home/andrey/queue.agentzilla.ru/vendor/laravel/framework/src/Illuminate/Pipeline/Pipeline.php(148): Illuminate\Routing\Middleware\SubstituteBindings->handle(Object(Illuminate\Http\Request), Object(Closure))
#10 /home/andrey/queue.agentzilla.ru/vendor/laravel/framework/src/Illuminate/Routing/Pipeline.php(53): Illuminate\Pipeline\Pipeline->Illuminate\Pipeline\{closure}(Object(Illuminate\Http\Request))
#11 /home/andrey/queue.agentzilla.ru/vendor/laravel/framework/src/Illuminate/Foundation/Http/Middleware/VerifyCsrfToken.php(65): Illuminate\Routing\Pipeline->Illuminate\Routing\{closure}(Object(Illuminate\Http\Request))
#12 /home/andrey/queue.agentzilla.ru/vendor/laravel/framework/src/Illuminate/Pipeline/Pipeline.php(148): Illuminate\Foundation\Http\Middleware\VerifyCsrfToken->handle(Object(Illuminate\Http\Request), Object(Closure))
#13 /home/andrey/queue.agentzilla.ru/vendor/laravel/framework/src/Illuminate/Routing/Pipeline.php(53): Illuminate\Pipeline\Pipeline->Illuminate\Pipeline\{closure}(Object(Illuminate\Http\Request))
#14 /home/andrey/queue.agentzilla.ru/vendor/laravel/framework/src/Illuminate/View/Middleware/ShareErrorsFromSession.php(49): Illuminate\Routing\Pipeline->Illuminate\Routing\{closure}(Object(Illuminate\Http\Request))
#15 /home/andrey/queue.agentzilla.ru/vendor/laravel/framework/src/Illuminate/Pipeline/Pipeline.php(148): Illuminate\View\Middleware\ShareErrorsFromSession->handle(Object(Illuminate\Http\Request), Object(Closure))
#16 /home/andrey/queue.agentzilla.ru/vendor/laravel/framework/src/Illuminate/Routing/Pipeline.php(53): Illuminate\Pipeline\Pipeline->Illuminate\Pipeline\{closure}(Object(Illuminate\Http\Request))
#17 /home/andrey/queue.agentzilla.ru/vendor/laravel/framework/src/Illuminate/Session/Middleware/StartSession.php(64): Illuminate\Routing\Pipeline->Illuminate\Routing\{closure}(Object(Illuminate\Http\Request))
#18 /home/andrey/queue.agentzilla.ru/vendor/laravel/framework/src/Illuminate/Pipeline/Pipeline.php(148): Illuminate\Session\Middleware\StartSession->handle(Object(Illuminate\Http\Request), Object(Closure))
#19 /home/andrey/queue.agentzilla.ru/vendor/laravel/framework/src/Illuminate/Routing/Pipeline.php(53): Illuminate\Pipeline\Pipeline->Illuminate\Pipeline\{closure}(Object(Illuminate\Http\Request))
#20 /home/andrey/queue.agentzilla.ru/vendor/laravel/framework/src/Illuminate/Cookie/Middleware/AddQueuedCookiesToResponse.php(37): Illuminate\Routing\Pipeline->Illuminate\Routing\{closure}(Object(Illuminate\Http\Request))
#21 /home/andrey/queue.agentzilla.ru/vendor/laravel/framework/src/Illuminate/Pipeline/Pipeline.php(148): Illuminate\Cookie\Middleware\AddQueuedCookiesToResponse->handle(Object(Illuminate\Http\Request), Object(Closure))
#22 /home/andrey/queue.agentzilla.ru/vendor/laravel/framework/src/Illuminate/Routing/Pipeline.php(53): Illuminate\Pipeline\Pipeline->Illuminate\Pipeline\{closure}(Object(Illuminate\Http\Request))
#23 /home/andrey/queue.agentzilla.ru/vendor/laravel/framework/src/Illuminate/Cookie/Middleware/EncryptCookies.php(59): Illuminate\Routing\Pipeline->Illuminate\Routing\{closure}(Object(Illuminate\Http\Request))
#24 /home/andrey/queue.agentzilla.ru/vendor/laravel/framework/src/Illuminate/Pipeline/Pipeline.php(148): Illuminate\Cookie\Middleware\EncryptCookies->handle(Object(Illuminate\Http\Request), Object(Closure))
#25 /home/andrey/queue.agentzilla.ru/vendor/laravel/framework/src/Illuminate/Routing/Pipeline.php(53): Illuminate\Pipeline\Pipeline->Illuminate\Pipeline\{closure}(Object(Illuminate\Http\Request))
#26 /home/andrey/queue.agentzilla.ru/vendor/laravel/framework/src/Illuminate/Pipeline/Pipeline.php(102): Illuminate\Routing\Pipeline->Illuminate\Routing\{closure}(Object(Illuminate\Http\Request))
#27 /home/andrey/queue.agentzilla.ru/vendor/laravel/framework/src/Illuminate/Routing/Router.php(574): Illuminate\Pipeline\Pipeline->then(Object(Closure))
#28 /home/andrey/queue.agentzilla.ru/vendor/laravel/framework/src/Illuminate/Routing/Router.php(533): Illuminate\Routing\Router->runRouteWithinStack(Object(Illuminate\Routing\Route), Object(Illuminate\Http\Request))
#29 /home/andrey/queue.agentzilla.ru/vendor/laravel/framework/src/Illuminate/Routing/Router.php(511): Illuminate\Routing\Router->dispatchToRoute(Object(Illuminate\Http\Request))
#30 /home/andrey/queue.agentzilla.ru/vendor/laravel/framework/src/Illuminate/Foundation/Http/Kernel.php(176): Illuminate\Routing\Router->dispatch(Object(Illuminate\Http\Request))
#31 /home/andrey/queue.agentzilla.ru/vendor/laravel/framework/src/Illuminate/Routing/Pipeline.php(30): Illuminate\Foundation\Http\Kernel->Illuminate\Foundation\Http\{closure}(Object(Illuminate\Http\Request))
#32 /home/andrey/queue.agentzilla.ru/vendor/laravel/framework/src/Illuminate/Foundation/Http/Middleware/TransformsRequest.php(30): Illuminate\Routing\Pipeline->Illuminate\Routing\{closure}(Object(Illuminate\Http\Request))
#33 /home/andrey/queue.agentzilla.ru/vendor/laravel/framework/src/Illuminate/Pipeline/Pipeline.php(148): Illuminate\Foundation\Http\Middleware\TransformsRequest->handle(Object(Illuminate\Http\Request), Object(Closure))
#34 /home/andrey/queue.agentzilla.ru/vendor/laravel/framework/src/Illuminate/Routing/Pipeline.php(53): Illuminate\Pipeline\Pipeline->Illuminate\Pipeline\{closure}(Object(Illuminate\Http\Request))
#35 /home/andrey/queue.agentzilla.ru/vendor/laravel/framework/src/Illuminate/Foundation/Http/Middleware/TransformsRequest.php(30): Illuminate\Routing\Pipeline->Illuminate\Routing\{closure}(Object(Illuminate\Http\Request))
#36 /home/andrey/queue.agentzilla.ru/vendor/laravel/framework/src/Illuminate/Pipeline/Pipeline.php(148): Illuminate\Foundation\Http\Middleware\TransformsRequest->handle(Object(Illuminate\Http\Request), Object(Closure))
#37 /home/andrey/queue.agentzilla.ru/vendor/laravel/framework/src/Illuminate/Routing/Pipeline.php(53): Illuminate\Pipeline\Pipeline->Illuminate\Pipeline\{closure}(Object(Illuminate\Http\Request))
#38 /home/andrey/queue.agentzilla.ru/vendor/laravel/framework/src/Illuminate/Foundation/Http/Middleware/ValidatePostSize.php(27): Illuminate\Routing\Pipeline->Illuminate\Routing\{closure}(Object(Illuminate\Http\Request))
#39 /home/andrey/queue.agentzilla.ru/vendor/laravel/framework/src/Illuminate/Pipeline/Pipeline.php(148): Illuminate\Foundation\Http\Middleware\ValidatePostSize->handle(Object(Illuminate\Http\Request), Object(Closure))
#40 /home/andrey/queue.agentzilla.ru/vendor/laravel/framework/src/Illuminate/Routing/Pipeline.php(53): Illuminate\Pipeline\Pipeline->Illuminate\Pipeline\{closure}(Object(Illuminate\Http\Request))
#41 /home/andrey/queue.agentzilla.ru/vendor/laravel/framework/src/Illuminate/Foundation/Http/Middleware/CheckForMaintenanceMode.php(46): Illuminate\Routing\Pipeline->Illuminate\Routing\{closure}(Object(Illuminate\Http\Request))
#42 /home/andrey/queue.agentzilla.ru/vendor/laravel/framework/src/Illuminate/Pipeline/Pipeline.php(148): Illuminate\Foundation\Http\Middleware\CheckForMaintenanceMode->handle(Object(Illuminate\Http\Request), Object(Closure))
#43 /home/andrey/queue.agentzilla.ru/vendor/laravel/framework/src/Illuminate/Routing/Pipeline.php(53): Illuminate\Pipeline\Pipeline->Illuminate\Pipeline\{closure}(Object(Illuminate\Http\Request))
#44 /home/andrey/queue.agentzilla.ru/vendor/laravel/framework/src/Illuminate/Pipeline/Pipeline.php(102): Illuminate\Routing\Pipeline->Illuminate\Routing\{closure}(Object(Illuminate\Http\Request))
#45 /home/andrey/queue.agentzilla.ru/vendor/laravel/framework/src/Illuminate/Foundation/Http/Kernel.php(151): Illuminate\Pipeline\Pipeline->then(Object(Closure))
#46 /home/andrey/queue.agentzilla.ru/vendor/laravel/framework/src/Illuminate/Foundation/Http/Kernel.php(116): Illuminate\Foundation\Http\Kernel->sendRequestThroughRouter(Object(Illuminate\Http\Request))
#47 /home/andrey/queue.agentzilla.ru/vendor/laravel/browser-kit-testing/src/Concerns/MakesHttpRequests.php(582): Illuminate\Foundation\Http\Kernel->handle(Object(Illuminate\Http\Request))
#48 /home/andrey/queue.agentzilla.ru/tests/Browser/ApiTest.php(313): Laravel\BrowserKitTesting\TestCase->call('POST', '/api/queue/elem...', Array, Array, Array)
#49 [internal function]: Tests\Browser\ApiTest->testSiteShouldAllowToGetElementById()
#50 /home/andrey/queue.agentzilla.ru/vendor/phpunit/phpunit/src/Framework/TestCase.php(1054): ReflectionMethod->invokeArgs(Object(Tests\Browser\ApiTest), Array)
#51 /home/andrey/queue.agentzilla.ru/vendor/phpunit/phpunit/src/Framework/TestCase.php(905): PHPUnit_Framework_TestCase->runTest()
#52 /home/andrey/queue.agentzilla.ru/vendor/phpunit/phpunit/src/Framework/TestResult.php(686): PHPUnit_Framework_TestCase->runBare()
#53 /home/andrey/queue.agentzilla.ru/vendor/phpunit/phpunit/src/Framework/TestCase.php(860): PHPUnit_Framework_TestResult->run(Object(Tests\Browser\ApiTest))
#54 /home/andrey/queue.agentzilla.ru/vendor/phpunit/phpunit/src/Framework/TestSuite.php(722): PHPUnit_Framework_TestCase->run(Object(PHPUnit_Framework_TestResult))
#55 /home/andrey/queue.agentzilla.ru/vendor/phpunit/phpunit/src/Framework/TestSuite.php(722): PHPUnit_Framework_TestSuite->run(Object(PHPUnit_Framework_TestResult))
#56 /home/andrey/queue.agentzilla.ru/vendor/phpunit/phpunit/src/Framework/TestSuite.php(722): PHPUnit_Framework_TestSuite->run(Object(PHPUnit_Framework_TestResult))
#57 /home/andrey/queue.agentzilla.ru/vendor/phpunit/phpunit/src/TextUI/TestRunner.php(517): PHPUnit_Framework_TestSuite->run(Object(PHPUnit_Framework_TestResult))
#58 /home/andrey/queue.agentzilla.ru/vendor/phpunit/phpunit/src/TextUI/Command.php(186): PHPUnit_TextUI_TestRunner->doRun(Object(PHPUnit_Framework_TestSuite), Array, true)
#59 /home/andrey/queue.agentzilla.ru/vendor/phpunit/phpunit/src/TextUI/Command.php(116): PHPUnit_TextUI_Command->run(Array, true)
#60 /usr/bin/phpunit(50): PHPUnit_TextUI_Command::main()
#61 {main}  
